Arguments: 
  /Users/hyperdyne/.nvm/versions/node/v11.14.0/bin/node /usr/local/Cellar/yarn/1.17.3/libexec/bin/yarn.js add react

PATH: 
  /Library/Frameworks/Python.framework/Versions/3.7/bin:/Users/hyperdyne/.nvm/versions/node/v11.14.0/bin:/usr/local/bin:/usr/bin:/bin:/usr/sbin:/sbin:/Applications/Wireshark.app/Contents/MacOS

Yarn version: 
  1.17.3

Node version: 
  11.14.0

Platform: 
  darwin x64

Trace: 
  SyntaxError: /Users/hyperdyne/Desktop/work/UI/galileo-frontend/package.json: Unexpected end of JSON input
      at JSON.parse (<anonymous>)
      at /usr/local/Cellar/yarn/1.17.3/libexec/lib/cli.js:1625:59
      at Generator.next (<anonymous>)
      at step (/usr/local/Cellar/yarn/1.17.3/libexec/lib/cli.js:304:30)
      at /usr/local/Cellar/yarn/1.17.3/libexec/lib/cli.js:315:13

npm manifest: 
  

yarn manifest: 
  No manifest

Lockfile: 
  No lockfile
